Arguments: 
  C:\Program Files\nodejs\node.exe C:\Program Files\nodejs\node_modules\yarn\bin\yarn.js

PATH: 
  C:\Program Files (x86)\VMware\VMware Workstation\bin\;C:\WINDOWS\system32;C:\WINDOWS;C:\WINDOWS\System32\Wbem;C:\WINDOWS\System32\WindowsPowerShell\v1.0\;C:\WINDOWS\System32\OpenSSH\;C:\Program Files\Intel\WiFi\bin\;C:\Program Files\Common Files\Intel\WirelessCommon\;C:\Program Files\Git\cmd;C:\Program Files\Microsoft SQL Server\Client SDK\ODBC\110\Tools\Binn\;C:\Program Files (x86)\Microsoft SQL Server\120\Tools\Binn\ManagementStudio\;C:\Program Files (x86)\Microsoft SQL Server\120\Tools\Binn\;C:\Program Files\Microsoft SQL Server\120\Tools\Binn\;C:\Program Files (x86)\Microsoft SQL Server\120\DTS\Binn\;C:\Program Files\Microsoft SQL Server\120\DTS\Binn\;C:\Program Files\OpenSSL-Win64\bin;C:\ProgramData\chocolatey\bin;C:\Program Files\Git\usr\bin;C:\Program Files\Git\mingw64\libexec\git-core;%NVM_HOME%;%NVM_SYMLINK%;C:\Users\LAP13002-local\AppData\Local\Microsoft\WindowsApps;C:\Users\LAP13002-local\AppData\Local\Programs\Microsoft VS Code\bin;C:\Program Files\heroku\bin;C:\tools\dart-sdk\bin;C:\Users\LAP13002-local\AppData\Roaming\Pub\Cache\bin;C:\Users\LAP13002-local\AppData\Roaming\nvm;C:\Program Files\nodejs

Yarn version: 
  1.22.10

Node version: 
  14.4.0

Platform: 
  win32 x64

Trace: 
  Error: https://registry.yarnpkg.com/@material-ui/icons/-/icons-4.11.2.tgz: ESOCKETTIMEDOUT
      at ClientRequest.<anonymous> (C:\Users\LAP13002-local\AppData\Roaming\nvm\v14.4.0\node_modules\yarn\lib\cli.js:141289:19)
      at Object.onceWrapper (events.js:421:28)
      at ClientRequest.emit (events.js:315:20)
      at TLSSocket.emitRequestTimeout (_http_client.js:768:9)
      at Object.onceWrapper (events.js:421:28)
      at TLSSocket.emit (events.js:327:22)
      at TLSSocket.Socket._onTimeout (net.js:480:8)
      at listOnTimeout (internal/timers.js:549:17)
      at processTimers (internal/timers.js:492:7)

npm manifest: 
  {
    "name": "homnaydocgi-fe",
    "version": "1.0.0",
    "description": "",
    "main": "index.js",
    "scripts": {
      "test": "echo \"Error: no test specified\" && exit 1",
      "dev": "webpack --mode development",
      "start": "webpack-dev-server --mode development --open --config webpack.dev.js",
      "build": "webpack --mode production --config webpack.prod.js && cp ./src/sw.js ./dist",
      "format": "prettier --write ."
    },
    "repository": {
      "type": "git",
      "url": "git+https://github.com/buingoctai/homnaydocgi-fe.git"
    },
    "keywords": [],
    "author": "",
    "license": "ISC",
    "bugs": {
      "url": "https://github.com/buingoctai/homnaydocgi-fe/issues"
    },
    "homepage": "https://github.com/buingoctai/homnaydocgi-fe#readme",
    "dependencies": {
      "@babel/runtime": "^7.12.0",
      "@bit/bondz.react-epic-spinners.scaling-squares-spinner": "^0.3.0",
      "@bit/primefaces.primereact.chart": "^4.2.0",
      "@material-ui/core": "^4.9.10",
      "@material-ui/icons": "^4.9.1",
      "@material-ui/lab": "^4.0.0-alpha.49",
      "@material/animation": "^5.1.0",
      "@testing-library/jest-dom": "^4.2.4",
      "@testing-library/react": "^9.3.2",
      "@testing-library/user-event": "^7.1.2",
      "axios": "^0.19.2",
      "depcheck": "^1.2.0",
      "material-design-icons": "^3.0.1",
      "moment": "^2.29.0",
      "react": "^16.13.1",
      "react-animated-slider": "^2.0.0",
      "react-app-rewire-less": "^2.1.3",
      "react-dom": "^16.13.1",
      "react-draggable": "^4.2.0",
      "react-h5-audio-player": "^3.1.0",
      "react-helmet": "^5.2.1",
      "react-redux": "^7.2.0",
      "react-router-dom": "^5.1.2",
      "react-scripts": "^3.4.3",
      "react-swipeable-views": "^0.13.9",
      "recompose": "^0.30.0",
      "redux-devtools-extension": "^2.13.8",
      "redux-saga": "^1.1.3",
      "serve": "^11.3.1",
      "webpack": "^5.2.0",
      "webpack-cli": "^3.3.12",
      "webpack-dev-server": "^3.11.0",
      "webpack-merge": "^5.2.0"
    },
    "devDependencies": {
      "@babel/core": "^7.11.6",
      "@babel/plugin-transform-runtime": "^7.12.0",
      "@babel/preset-env": "^7.11.5",
      "@babel/preset-react": "^7.10.4",
      "babel-loader": "^8.1.0",
      "css-loader": "^4.3.0",
      "eslint": "^7.11.0",
      "eslint-webpack-plugin": "^2.1.0",
      "file-loader": "^6.1.0",
      "html-webpack-plugin": "^4.5.0",
      "prettier": "^2.2.1",
      "sass": "^1.27.0",
      "sass-loader": "^10.0.4",
      "style-loader": "^1.2.1"
    }
  }

yarn manifest: 
  No manifest

Lockfile: 
  No lockfile
